  SteeringWheel_SocketV3.cpp
  Please define _WIN32_WINNT or _WIN32_WINDOWS appropriately. For example:
  - add -D_WIN32_WINNT=0x0601 to the compiler command line; or
  - add _WIN32_WINNT=0x0601 to your project's Preprocessor Definitions.
  Assuming _WIN32_WINNT=0x0601 (i.e. Windows 7 target).
C:\Users\mirdc\Desktop\LOGI_20220630\NetworkClient.h(241,1): warning C4267: '正在初始化': 將 'size_t' 轉換為 'int'，資料可能遺失
C:\Users\mirdc\Desktop\LOGI_20220630\NetworkClient.h(247,1): warning C4267: '正在初始化': 將 'size_t' 轉換為 'int'，資料可能遺失
  C:\Program Files (x86)\Windows Kits\10\Include\10.0.22000.0\um\dinput.h: DIRECTINPUT_VERSION undefined. Defaulting to version 0x0800
C:\Users\mirdc\Desktop\LOGI_20220630\LogiV3.h(213,68): warning C4244: '=': 將 'double' 轉換為 'int'，由於類型不同，可能導致資料遺失
C:\Users\mirdc\Desktop\LOGI_20220630\LogiV3.h(214,66): warning C4244: '=': 將 'double' 轉換為 'int'，由於類型不同，可能導致資料遺失
C:\Users\mirdc\Desktop\LOGI_20220630\LogiV3.h(215,69): warning C4244: '=': 將 'double' 轉換為 'int'，由於類型不同，可能導致資料遺失
C:\Users\mirdc\Desktop\LOGI_20220630\LogiV3.h(235,16): warning C4244: '=': 將 'const wchar_t' 轉換為 'char'，由於類型不同，可能導致資料遺失
C:\Users\mirdc\Desktop\LOGI_20220630\LogiV3.h(267,39): warning C4244: '引數': 將 'LONG' 轉換為 'const float'，由於類型不同，可能導致資料遺失
C:\Users\mirdc\Desktop\LOGI_20220630\SteeringWheel_SocketV3.cpp(76,22): warning C4477: 'sprintf' : 格式字串 '%s' 需要 'char *' 類型的引數，但 variadic 引數 1 的類型為 'std::string'
C:\Users\mirdc\Desktop\LOGI_20220630\SteeringWheel_SocketV3.cpp(110,1): warning C4326: 'main' 的傳回類型應該是 'int'，而非 'void'
C:\Users\mirdc\Desktop\LOGI_20220630\SteeringWheel_SocketV3.cpp(149,26): warning C4477: 'fprintf' : 格式字串 '%d' 需要 'int' 類型的引數，但 variadic 引數 3 的類型為 'LLONG'
C:\Users\mirdc\Desktop\LOGI_20220630\SteeringWheel_SocketV3.cpp(149,26): message : 請考慮在格式字串中使用 '%lld'
C:\Users\mirdc\Desktop\LOGI_20220630\SteeringWheel_SocketV3.cpp(149,26): message : 請考慮在格式字串中使用 '%Id'
C:\Users\mirdc\Desktop\LOGI_20220630\SteeringWheel_SocketV3.cpp(149,26): message : 請考慮在格式字串中使用 '%I64d'
  正在產生程式碼
C:\Users\mirdc\Desktop\LOGI_20220630\LogiV3.h(181): warning C4715: 'WheelState::getGearString': 不是所有控制路徑都傳回值
C:\Users\mirdc\Desktop\LOGI_20220630\NetworkClient.h(624): warning C4715: 'NetworkClient::getIPServerStateStr': 不是所有控制路徑都傳回值
  1692 of 1697 functions (99.7%) were compiled, the rest were copied from previous compilation.
    1373 functions were new in current compilation
    1 functions had inline decision re-evaluated but remain unchanged
  已完成程式碼產生
  SteeringWheel.vcxproj -> C:\Users\mirdc\Desktop\SteeringWheel\x64\Release\SteeringWheel.exe
