c:\users\mirdc\desktop\steeringwheel\steeringwheel\x64\release\vc143.pdb
c:\users\mirdc\desktop\steeringwheel\steeringwheel\x64\release\myapp.obj
c:\users\mirdc\desktop\steeringwheel\steeringwheel\x64\release\main.obj
c:\users\mirdc\desktop\steeringwheel\steeringwheel\x64\release\imgui_widgets.obj
c:\users\mirdc\desktop\steeringwheel\steeringwheel\x64\release\imgui_tables.obj
c:\users\mirdc\desktop\steeringwheel\steeringwheel\x64\release\imgui_impl_opengl3.obj
c:\users\mirdc\desktop\steeringwheel\steeringwheel\x64\release\imgui_impl_glfw.obj
c:\users\mirdc\desktop\steeringwheel\steeringwheel\x64\release\imgui_draw.obj
c:\users\mirdc\desktop\steeringwheel\steeringwheel\x64\release\imgui_demo.obj
c:\users\mirdc\desktop\steeringwheel\steeringwheel\x64\release\imgui.obj
c:\users\mirdc\desktop\steeringwheel\x64\release\steeringwheel.exe
c:\users\mirdc\desktop\steeringwheel\steeringwheel\x64\release\steeringwheel.ipdb
c:\users\mirdc\desktop\steeringwheel\x64\release\steeringwheel.pdb
c:\users\mirdc\desktop\steeringwheel\steeringwheel\x64\release\steeringwheel.iobj
c:\users\mirdc\desktop\steeringwheel\x64\release\glfw3.dll
c:\users\mirdc\desktop\steeringwheel\x64\release\libglesv2.dll
c:\users\mirdc\desktop\steeringwheel\x64\release\zlib1.dll
c:\users\mirdc\desktop\steeringwheel\steeringwheel\x64\release\steeringwheel.tlog\cl.command.1.tlog
c:\users\mirdc\desktop\steeringwheel\steeringwheel\x64\release\steeringwheel.tlog\cl.read.1.tlog
c:\users\mirdc\desktop\steeringwheel\steeringwheel\x64\release\steeringwheel.tlog\cl.write.1.tlog
c:\users\mirdc\desktop\steeringwheel\steeringwheel\x64\release\steeringwheel.tlog\link.command.1.tlog
c:\users\mirdc\desktop\steeringwheel\steeringwheel\x64\release\steeringwheel.tlog\link.read.1.tlog
c:\users\mirdc\desktop\steeringwheel\steeringwheel\x64\release\steeringwheel.tlog\link.write.1.tlog
c:\users\mirdc\desktop\steeringwheel\steeringwheel\x64\release\steeringwheel.tlog\steeringwheel.write.1u.tlog
